#
# There is insufficient memory for the Java Runtime Environment to continue.
# Native memory allocation (malloc) failed to allocate 626736 bytes for Chunk::new
# Possible reasons:
#   The system is out of physical RAM or swap space
#   The process is running with CompressedOops enabled, and the Java Heap may be blocking the growth of the native heap
# Possible solutions:
#   Reduce memory load on the system
#   Increase physical memory or swap space
#   Check if swap backing store is full
#   Decrease Java heap size (-Xmx/-Xms)
#   Decrease number of Java threads
#   Decrease Java thread stack sizes (-Xss)
#   Set larger code cache with -XX:ReservedCodeCacheSize=
#   JVM is running with Unscaled Compressed Oops mode in which the Java heap is
#     placed in the first 4GB address space. The Java Heap base address is the
#     maximum limit for the native heap growth. Please use -XX:HeapBaseMinAddress
#     to set the Java Heap base and to place the Java Heap above 4GB virtual address.
# This output file may be truncated or incomplete.
#
#  Out of Memory Error (./src/hotspot/share/memory/arena.cpp:197), pid=5544, tid=1408
#
# JRE version: OpenJDK Runtime Environment AdoptOpenJDK (11.0.10+9) (build 11.0.10+9)
# Java VM: OpenJDK 64-Bit Server VM AdoptOpenJDK (11.0.10+9, mixed mode, tiered, compressed oops, g1 gc, windows-amd64)
# No core dump will be written. Minidumps are not enabled by default on client versions of Windows
#

---------------  S U M M A R Y ------------

Command Line: -Dfile.encoding=UTF-8 com.zdrv.FootWebApplication

Host: AMD Phenom(tm) II X4 955 Processor, 4 cores, 7G,  Windows 10 , 64 bit Build 19041 (10.0.19041.1503)
Time: Thu Feb 17 13:01:10 2022 “Œ‹ž (•W€Žž) elapsed time: 14.553901 seconds (0d 0h 0m 14s)

---------------  T H R E A D  ---------------

Current thread (0x000002262fa31800):  JavaThread "C2 CompilerThread0" daemon [_thread_in_native, id=1408, stack(0x00000047edc00000,0x00000047edd00000)]


Current CompileTask:
C2:  14553 4293       4       java.net.URLStreamHandler::toExternalForm (156 bytes)

Stack: [0x00000047edc00000,0x00000047edd00000]
Native frames: (J=compiled Java code, j=interpreted, Vv=VM code, C=native code)
V  [jvm.dll+0x5f35ea]
V  [jvm.dll+0x77c65e]
V  [jvm.dll+0x77dd2f]
V  [jvm.dll+0x77e3f3]
V  [jvm.dll+0x246c38]
V  [jvm.dll+0xbe6cc]
V  [jvm.dll+0xbedcc]
V  [jvm.dll+0x34bfd7]
V  [jvm.dll+0x319e33]
V  [jvm.dll+0x31916a]
V  [jvm.dll+0x200525]
V  [jvm.dll+0x1ff70f]
V  [jvm.dll+0x1846bc]
V  [jvm.dll+0x20ec37]
V  [jvm.dll+0x20ce1b]
V  [jvm.dll+0x740b39]
V  [jvm.dll+0x739ba4]
V  [jvm.dll+0x5f2466]
C  [ucrtbase.dll+0x21bb2]
C  [KERNEL32.DLL+0x17034]
C  [ntdll.dll+0x52651]


---------------  P R O C E S S  ---------------

Threads class SMR info:
_java_thread_list=0x00000226332f3150, length=20, elements={
0x000002262f9fa800, 0x000002262fa03800, 0x000002262fa21000, 0x000002262fa23000,
0x000002262fa24000, 0x000002262fa31800, 0x000002262fa35800, 0x000002262fa37000,
0x00000226304ae000, 0x00000226338c4800, 0x0000022631884800, 0x0000022631753800,
0x000002263325f800, 0x0000022634b18800, 0x00000226352f5000, 0x0000022635393800,
0x0000022635396000, 0x0000022635397000, 0x0000022635394800, 0x0000022635395800
}

Java Threads: ( => current thread )
  0x000002262f9fa800 JavaThread "Reference Handler" daemon [_thread_blocked, id=9356, stack(0x00000047ed700000,0x00000047ed800000)]
  0x000002262fa03800 JavaThread "Finalizer" daemon [_thread_blocked, id=10248, stack(0x00000047ed800000,0x00000047ed900000)]
  0x000002262fa21000 JavaThread "Signal Dispatcher" daemon [_thread_blocked, id=6164, stack(0x00000047ed900000,0x00000047eda00000)]
  0x000002262fa23000 JavaThread "Attach Listener" daemon [_thread_blocked, id=10412, stack(0x00000047eda00000,0x00000047edb00000)]
  0x000002262fa24000 JavaThread "Service Thread" daemon [_thread_blocked, id=4660, stack(0x00000047edb00000,0x00000047edc00000)]
=>0x000002262fa31800 JavaThread "C2 CompilerThread0" daemon [_thread_in_native, id=1408, stack(0x00000047edc00000,0x00000047edd00000)]
  0x000002262fa35800 JavaThread "C1 CompilerThread0" daemon [_thread_blocked, id=2964, stack(0x00000047edd00000,0x00000047ede00000)]
  0x000002262fa37000 JavaThread "Sweeper thread" daemon [_thread_blocked, id=5600, stack(0x00000047ede00000,0x00000047edf00000)]
  0x00000226304ae000 JavaThread "Common-Cleaner" daemon [_thread_blocked, id=3016, stack(0x00000047ee000000,0x00000047ee100000)]
  0x00000226338c4800 JavaThread "Catalina-utility-1" [_thread_blocked, id=8744, stack(0x00000047ee500000,0x00000047ee600000)]
  0x0000022631884800 JavaThread "Catalina-utility-2" [_thread_blocked, id=11180, stack(0x00000047ee800000,0x00000047ee900000)]
  0x0000022631753800 JavaThread "container-0" [_thread_blocked, id=3884, stack(0x00000047ee900000,0x00000047eea00000)]
  0x000002263325f800 JavaThread "mysql-cj-abandoned-connection-cleanup" daemon [_thread_blocked, id=11024, stack(0x00000047eea00000,0x00000047eeb00000)]
  0x0000022634b18800 JavaThread "File Watcher" daemon [_thread_blocked, id=4584, stack(0x00000047eeb00000,0x00000047eec00000)]
  0x00000226352f5000 JavaThread "Live Reload Server" daemon [_thread_in_native, id=4456, stack(0x00000047eed00000,0x00000047eee00000)]
  0x0000022635393800 JavaThread "http-nio-8080-Poller" daemon [_thread_in_native, id=10680, stack(0x00000047eec00000,0x00000047eed00000)]
  0x0000022635396000 JavaThread "http-nio-8080-Acceptor" daemon [_thread_in_native, id=11084, stack(0x00000047eee00000,0x00000047eef00000)]
  0x0000022635397000 JavaThread "DestroyJavaVM" [_thread_blocked, id=3044, stack(0x00000047ed000000,0x00000047ed100000)]
  0x0000022635394800 JavaThread "http-nio-8080-exec-1" daemon [_thread_in_vm, id=5796, stack(0x00000047ee100000,0x00000047ee200000)]
  0x0000022635395800 JavaThread "C2 CompilerThread1" daemon [_thread_in_native, id=5392, stack(0x00000047ee300000,0x00000047ee400000)]

Other Threads:
  0x000002262f9d7000 VMThread "VM Thread" [stack: 0x00000047ed600000,0x00000047ed700000] [id=10960]
  0x00000226304a9800 WatcherThread [stack: 0x00000047edf00000,0x00000047ee000000] [id=6224]
  0x0000022611477000 GCTaskThread "GC Thread#0" [stack: 0x00000047ed100000,0x00000047ed200000] [id=7264]
  0x000002263112f000 GCTaskThread "GC Thread#1" [stack: 0x00000047ee200000,0x00000047ee300000] [id=10384]
  0x0000022631129000 GCTaskThread "GC Thread#2" [stack: 0x00000047ee600000,0x00000047ee700000] [id=11128]
  0x000002263112c000 GCTaskThread "GC Thread#3" [stack: 0x00000047ee700000,0x00000047ee800000] [id=11148]
  0x00000226114a8000 ConcurrentGCThread "G1 Main Marker" [stack: 0x00000047ed200000,0x00000047ed300000] [id=11164]
  0x00000226114ad800 ConcurrentGCThread "G1 Conc#0" [stack: 0x00000047ed300000,0x00000047ed400000] [id=10688]
  0x000002261152c800 ConcurrentGCThread "G1 Refine#0" [stack: 0x00000047ed400000,0x00000047ed500000] [id=4336]
  0x000002261152d800 ConcurrentGCThread "G1 Young RemSet Sampling" [stack: 0x00000047ed500000,0x00000047ed600000] [id=10668]

Threads with active compile tasks:
C2 CompilerThread0  14574 4293       4       java.net.URLStreamHandler::toExternalForm (156 bytes)
C2 CompilerThread1  14574 4294       4       java.lang.invoke.MethodType::makeImpl (108 bytes)

VM state:not at safepoint (normal execution)

VM Mutex/Monitor currently owned by a thread: None

Heap address: 0x0000000084000000, size: 1984 MB, Compressed Oops mode: 32-bit
Narrow klass base: 0x0000000000000000, Narrow klass shift: 3
Compressed class space size: 1073741824 Address: 0x0000000100000000

Heap:
 garbage-first heap   total 152576K, used 59067K [0x0000000084000000, 0x0000000100000000)
  region size 1024K, 51 young (52224K), 6 survivors (6144K)
 Metaspace       used 49380K, capacity 50679K, committed 50816K, reserved 1093632K
  class space    used 5901K, capacity 6434K, committed 6528K, reserved 1048576K
Heap Regions: E=young(eden), S=young(survivor), O=old, HS=humongous(starts), HC=humongous(continues), CS=collection set, F=free, A=archive, TAMS=top-at-mark-start (previous, next)
|   0|0x0000000084000000, 0x0000000084100000, 0x0000000084100000|100%| O|  |TAMS 0x0000000084100000, 0x0000000084000000| Untracked 
|   1|0x0000000084100000, 0x0000000084200000, 0x0000000084200000|100%| O|  |TAMS 0x0000000084200000, 0x0000000084100000| Untracked 
|   2|0x0000000084200000, 0x0000000084300000, 0x0000000084300000|100%| O|  |TAMS 0x0000000084300000, 0x0000000084200000| Untracked 
|   3|0x0000000084300000, 0x0000000084400000, 0x0000000084400000|100%| O|  |TAMS 0x0000000084400000, 0x0000000084300000| Untracked 
|   4|0x0000000084400000, 0x0000000084500000, 0x0000000084500000|100%| O|  |TAMS 0x0000000084500000, 0x0000000084400000| Untracked 
|   5|0x0000000084500000, 0x0000000084600000, 0x0000000084600000|100%| O|  |TAMS 0x0000000084600000, 0x0000000084500000| Untracked 
|   6|0x0000000084600000, 0x0000000084700000, 0x0000000084700000|100%| O|  |TAMS 0x0000000084700000, 0x0000000084600000| Untracked 
|   7|0x0000000084700000, 0x0000000084800000, 0x0000000084800000|100%| O|  |TAMS 0x0000000084800000, 0x0000000084700000| Untracked 
|   8|0x0000000084800000, 0x0000000084900000, 0x0000000084900000|100%| O|  |TAMS 0x0000000084900000, 0x0000000084800000| Untracked 
|   9|0x0000000084900000, 0x0000000084977808, 0x0000000084a00000| 46%| O|  |TAMS 0x0000000084977808, 0x0000000084900000| Untracked 
|  10|0x0000000084a00000, 0x0000000084a00000, 0x0000000084b00000|  0%| F|  |TAMS 0x0000000084a00000, 0x0000000084a00000| Untracked 
|  11|0x0000000084b00000, 0x0000000084b00000, 0x0000000084c00000|  0%| F|  |TAMS 0x0000000084b00000, 0x0000000084b00000| Untracked 
|  12|0x0000000084c00000, 0x0000000084c00000, 0x0000000084d00000|  0%| F|  |TAMS 0x0000000084c00000, 0x0000000084c00000| Untracked 
|  13|0x0000000084d00000, 0x0000000084d00000, 0x0000000084e00000|  0%| F|  |TAMS 0x0000000084d00000, 0x0000000084d00000| Untracked 
|  14|0x0000000084e00000, 0x0000000084e00000, 0x0000000084f00000|  0%| F|  |TAMS 0x0000000084e00000, 0x0000000084e00000| Untracked 
|  15|0x0000000084f00000, 0x0000000084f00000, 0x0000000085000000|  0%| F|  |TAMS 0x0000000084f00000, 0x0000000084f00000| Untracked 
|  16|0x0000000085000000, 0x0000000085000000, 0x0000000085100000|  0%| F|  |TAMS 0x0000000085000000, 0x0000000085000000| Untracked 
|  17|0x0000000085100000, 0x0000000085100000, 0x0000000085200000|  0%| F|  |TAMS 0x0000000085100000, 0x0000000085100000| Untracked 
|  18|0x0000000085200000, 0x0000000085200000, 0x0000000085300000|  0%| F|  |TAMS 0x0000000085200000, 0x0000000085200000| Untracked 
|  19|0x0000000085300000, 0x0000000085300000, 0x0000000085400000|  0%| F|  |TAMS 0x0000000085300000, 0x0000000085300000| Untracked 
|  20|0x0000000085400000, 0x0000000085400000, 0x0000000085500000|  0%| F|  |TAMS 0x0000000085400000, 0x0000000085400000| Untracked 
|  21|0x0000000085500000, 0x0000000085500000, 0x0000000085600000|  0%| F|  |TAMS 0x0000000085500000, 0x0000000085500000| Untracked 
|  22|0x0000000085600000, 0x0000000085600000, 0x0000000085700000|  0%| F|  |TAMS 0x0000000085600000, 0x0000000085600000| Untracked 
|  23|0x0000000085700000, 0x0000000085700000, 0x0000000085800000|  0%| F|  |TAMS 0x0000000085700000, 0x0000000085700000| Untracked 
|  24|0x0000000085800000, 0x0000000085800000, 0x0000000085900000|  0%| F|  |TAMS 0x0000000085800000, 0x0000000085800000| Untracked 
|  25|0x0000000085900000, 0x0000000085900000, 0x0000000085a00000|  0%| F|  |TAMS 0x0000000085900000, 0x0000000085900000| Untracked 
|  26|0x0000000085a00000, 0x0000000085a00000, 0x0000000085b00000|  0%| F|  |TAMS 0x0000000085a00000, 0x0000000085a00000| Untracked 
|  27|0x0000000085b00000, 0x0000000085b00000, 0x0000000085c00000|  0%| F|  |TAMS 0x0000000085b00000, 0x0000000085b00000| Untracked 
|  28|0x0000000085c00000, 0x0000000085c00000, 0x0000000085d00000|  0%| F|  |TAMS 0x0000000085c00000, 0x0000000085c00000| Untracked 
|  29|0x0000000085d00000, 0x0000000085d00000, 0x0000000085e00000|  0%| F|  |TAMS 0x0000000085d00000, 0x0000000085d00000| Untracked 
|  30|0x0000000085e00000, 0x0000000085e00000, 0x0000000085f00000|  0%| F|  |TAMS 0x0000000085e00000, 0x0000000085e00000| Untracked 
|  31|0x0000000085f00000, 0x0000000085f00000, 0x0000000086000000|  0%| F|  |TAMS 0x0000000085f00000, 0x0000000085f00000| Untracked 
|  32|0x0000000086000000, 0x0000000086000000, 0x0000000086100000|  0%| F|  |TAMS 0x0000000086000000, 0x0000000086000000| Untracked 
|  33|0x0000000086100000, 0x0000000086100000, 0x0000000086200000|  0%| F|  |TAMS 0x0000000086100000, 0x0000000086100000| Untracked 
|  34|0x0000000086200000, 0x0000000086200000, 0x0000000086300000|  0%| F|  |TAMS 0x0000000086200000, 0x0000000086200000| Untracked 
|  35|0x0000000086300000, 0x0000000086300000, 0x0000000086400000|  0%| F|  |TAMS 0x0000000086300000, 0x0000000086300000| Untracked 
|  36|0x0000000086400000, 0x0000000086400000, 0x0000000086500000|  0%| F|  |TAMS 0x0000000086400000, 0x0000000086400000| Untracked 
|  37|0x0000000086500000, 0x0000000086500000, 0x0000000086600000|  0%| F|  |TAMS 0x0000000086500000, 0x0000000086500000| Untracked 
|  38|0x0000000086600000, 0x0000000086600000, 0x0000000086700000|  0%| F|  |TAMS 0x0000000086600000, 0x0000000086600000| Untracked 
|  39|0x0000000086700000, 0x0000000086700000, 0x0000000086800000|  0%| F|  |TAMS 0x0000000086700000, 0x0000000086700000| Untracked 
|  40|0x0000000086800000, 0x0000000086800000, 0x0000000086900000|  0%| F|  |TAMS 0x0000000086800000, 0x0000000086800000| Untracked 
|  41|0x0000000086900000, 0x0000000086900000, 0x0000000086a00000|  0%| F|  |TAMS 0x0000000086900000, 0x0000000086900000| Untracked 
|  42|0x0000000086a00000, 0x0000000086a00000, 0x0000000086b00000|  0%| F|  |TAMS 0x0000000086a00000, 0x0000000086a00000| Untracked 
|  43|0x0000000086b00000, 0x0000000086b00000, 0x0000000086c00000|  0%| F|  |TAMS 0x0000000086b00000, 0x0000000086b00000| Untracked 
|  44|0x0000000086c00000, 0x0000000086c00000, 0x0000000086d00000|  0%| F|  |TAMS 0x0000000086c00000, 0x0000000086c00000| Untracked 
|  45|0x0000000086d00000, 0x0000000086d00000, 0x0000000086e00000|  0%| F|  |TAMS 0x0000000086d00000, 0x0000000086d00000| Untracked 
|  46|0x0000000086e00000, 0x0000000086e00000, 0x0000000086f00000|  0%| F|  |TAMS 0x0000000086e00000, 0x0000000086e00000| Untracked 
|  47|0x0000000086f00000, 0x0000000086f00000, 0x0000000087000000|  0%| F|  |TAMS 0x0000000086f00000, 0x0000000086f00000| Untracked 
|  48|0x0000000087000000, 0x0000000087000000, 0x0000000087100000|  0%| F|  |TAMS 0x0000000087000000, 0x0000000087000000| Untracked 
|  49|0x0000000087100000, 0x0000000087100000, 0x0000000087200000|  0%| F|  |TAMS 0x0000000087100000, 0x0000000087100000| Untracked 
|  50|0x0000000087200000, 0x0000000087200000, 0x0000000087300000|  0%| F|  |TAMS 0x0000000087200000, 0x0000000087200000| Untracked 
|  51|0x0000000087300000, 0x0000000087300000, 0x0000000087400000|  0%| F|  |TAMS 0x0000000087300000, 0x0000000087300000| Untracked 
|  52|0x0000000087400000, 0x0000000087400000, 0x0000000087500000|  0%| F|  |TAMS 0x0000000087400000, 0x0000000087400000| Untracked 
|  53|0x0000000087500000, 0x0000000087500000, 0x0000000087600000|  0%| F|  |TAMS 0x0000000087500000, 0x0000000087500000| Untracked 
|  54|0x0000000087600000, 0x00000000876376d8, 0x0000000087700000| 21%| E|CS|TAMS 0x0000000087600000, 0x00000000876376d8| Complete 
|  55|0x0000000087700000, 0x0000000087800000, 0x0000000087800000|100%| E|CS|TAMS 0x0000000087700000, 0x0000000087800000| Complete 
|  56|0x0000000087800000, 0x0000000087900000, 0x0000000087900000|100%| E|CS|TAMS 0x0000000087800000, 0x0000000087900000| Complete 
|  57|0x0000000087900000, 0x0000000087a00000, 0x0000000087a00000|100%| E|CS|TAMS 0x0000000087900000, 0x0000000087a00000| Complete 
|  58|0x0000000087a00000, 0x0000000087b00000, 0x0000000087b00000|100%| E|CS|TAMS 0x0000000087a00000, 0x0000000087b00000| Complete 
|  59|0x0000000087b00000, 0x0000000087c00000, 0x0000000087c00000|100%| E|CS|TAMS 0x0000000087b00000, 0x0000000087c00000| Complete 
|  60|0x0000000087c00000, 0x0000000087c00000, 0x0000000087d00000|  0%| F|  |TAMS 0x0000000087c00000, 0x0000000087c00000| Untracked 
|  61|0x0000000087d00000, 0x0000000087d00000, 0x0000000087e00000|  0%| F|  |TAMS 0x0000000087d00000, 0x0000000087d00000| Untracked 
|  62|0x0000000087e00000, 0x0000000087e00000, 0x0000000087f00000|  0%| F|  |TAMS 0x0000000087e00000, 0x0000000087e00000| Untracked 
|  63|0x0000000087f00000, 0x0000000087f00000, 0x0000000088000000|  0%| F|  |TAMS 0x0000000087f00000, 0x0000000087f00000| Untracked 
|  64|0x0000000088000000, 0x0000000088000000, 0x0000000088100000|  0%| F|  |TAMS 0x0000000088000000, 0x0000000088000000| Untracked 
|  65|0x0000000088100000, 0x0000000088100000, 0x0000000088200000|  0%| F|  |TAMS 0x0000000088100000, 0x0000000088100000| Untracked 
|  66|0x0000000088200000, 0x0000000088200000, 0x0000000088300000|  0%| F|  |TAMS 0x0000000088200000, 0x0000000088200000| Untracked 
|  67|0x0000000088300000, 0x0000000088300000, 0x0000000088400000|  0%| F|  |TAMS 0x0000000088300000, 0x0000000088300000| Untracked 
|  68|0x0000000088400000, 0x0000000088400000, 0x0000000088500000|  0%| F|  |TAMS 0x0000000088400000, 0x0000000088400000| Untracked 
|  69|0x0000000088500000, 0x0000000088500000, 0x0000000088600000|  0%| F|  |TAMS 0x0000000088500000, 0x0000000088500000| Untracked 
|  70|0x0000000088600000, 0x0000000088600000, 0x0000000088700000|  0%| F|  |TAMS 0x0000000088600000, 0x0000000088600000| Untracked 
|  71|0x0000000088700000, 0x0000000088700000, 0x0000000088800000|  0%| F|  |TAMS 0x0000000088700000, 0x0000000088700000| Untracked 
|  72|0x0000000088800000, 0x0000000088800000, 0x0000000088900000|  0%| F|  |TAMS 0x0000000088800000, 0x0000000088800000| Untracked 
|  73|0x0000000088900000, 0x0000000088900000, 0x0000000088a00000|  0%| F|  |TAMS 0x0000000088900000, 0x0000000088900000| Untracked 
|  74|0x0000000088a00000, 0x0000000088a00000, 0x0000000088b00000|  0%| F|  |TAMS 0x0000000088a00000, 0x0000000088a00000| Untracked 
|  75|0x0000000088b00000, 0x0000000088b00000, 0x0000000088c00000|  0%| F|  |TAMS 0x0000000088b00000, 0x0000000088b00000| Untracked 
|  76|0x0000000088c00000, 0x0000000088c00000, 0x0000000088d00000|  0%| F|  |TAMS 0x0000000088c00000, 0x0000000088c00000| Untracked 
|  77|0x0000000088d00000, 0x0000000088d00000, 0x0000000088e00000|  0%| F|  |TAMS 0x0000000088d00000, 0x0000000088d00000| Untracked 
|  78|0x0000000088e00000, 0x0000000088e00000, 0x0000000088f00000|  0%| F|  |TAMS 0x0000000088e00000, 0x0000000088e00000| Untracked 
|  79|0x0000000088f00000, 0x0000000088f00000, 0x0000000089000000|  0%| F|  |TAMS 0x0000000088f00000, 0x0000000088f00000| Untracked 
|  80|0x0000000089000000, 0x0000000089000000, 0x0000000089100000|  0%| F|  |TAMS 0x0000000089000000, 0x0000000089000000| Untracked 
|  81|0x0000000089100000, 0x0000000089100000, 0x0000000089200000|  0%| F|  |TAMS 0x0000000089100000, 0x0000000089100000| Untracked 
|  82|0x0000000089200000, 0x0000000089200000, 0x0000000089300000|  0%| F|  |TAMS 0x0000000089200000, 0x0000000089200000| Untracked 
|  83|0x0000000089300000, 0x0000000089300000, 0x0000000089400000|  0%| F|  |TAMS 0x0000000089300000, 0x0000000089300000| Untracked 
|  84|0x0000000089400000, 0x0000000089400000, 0x0000000089500000|  0%| F|  |TAMS 0x0000000089400000, 0x0000000089400000| Untracked 
|  85|0x0000000089500000, 0x0000000089500000, 0x0000000089600000|  0%| F|  |TAMS 0x0000000089500000, 0x0000000089500000| Untracked 
|  86|0x0000000089600000, 0x0000000089600000, 0x0000000089700000|  0%| F|  |TAMS 0x0000000089600000, 0x0000000089600000| Untracked 
|  87|0x0000000089700000, 0x0000000089700000, 0x0000000089800000|  0%| F|  |TAMS 0x0000000089700000, 0x0000000089700000| Untracked 
|  88|0x0000000089800000, 0x0000000089800000, 0x0000000089900000|  0%| F|  |TAMS 0x0000000089800000, 0x0000000089800000| Untracked 
|  89|0x0000000089900000, 0x0000000089900000, 0x0000000089a00000|  0%| F|  |TAMS 0x0000000089900000, 0x0000000089900000| Untracked 
|  90|0x0000000089a00000, 0x0000000089a00000, 0x0000000089b00000|  0%| F|  |TAMS 0x0000000089a00000, 0x0000000089a00000| Untracked 
|  91|0x0000000089b00000, 0x0000000089b00000, 0x0000000089c00000|  0%| F|  |TAMS 0x0000000089b00000, 0x0000000089b00000| Untracked 
|  92|0x0000000089c00000, 0x0000000089c00000, 0x0000000089d00000|  0%| F|  |TAMS 0x0000000089c00000, 0x0000000089c00000| Untracked 
|  93|0x0000000089d00000, 0x0000000089d00000, 0x0000000089e00000|  0%| F|  |TAMS 0x0000000089d00000, 0x0000000089d00000| Untracked 
|  94|0x0000000089e00000, 0x0000000089e00000, 0x0000000089f00000|  0%| F|  |TAMS 0x0000000089e00000, 0x0000000089e00000| Untracked 
|  95|0x0000000089f00000, 0x0000000089f00000, 0x000000008a000000|  0%| F|  |TAMS 0x0000000089f00000, 0x0000000089f00000| Untracked 
|  96|0x000000008a000000, 0x000000008a000000, 0x000000008a100000|  0%| F|  |TAMS 0x000000008a000000, 0x000000008a000000| Untracked 
|  97|0x000000008a100000, 0x000000008a100000, 0x000000008a200000|  0%| F|  |TAMS 0x000000008a100000, 0x000000008a100000| Untracked 
|  98|0x000000008a200000, 0x000000008a200000, 0x000000008a300000|  0%| F|  |TAMS 0x000000008a200000, 0x000000008a200000| Untracked 
|  99|0x000000008a300000, 0x000000008a300000, 0x000000008a400000|  0%| F|  |TAMS 0x000000008a300000, 0x000000008a300000| Untracked 
| 100|0x000000008a400000, 0x000000008a400000, 0x000000008a500000|  0%| F|  |TAMS 0x000000008a400000, 0x000000008a400000| Untracked 
| 101|0x000000008a500000, 0x000000008a500000, 0x000000008a600000|  0%| F|  |TAMS 0x000000008a500000, 0x000000008a500000| Untracked 
| 102|0x000000008a600000, 0x000000008a6afd10, 0x000000008a700000| 68%| S|  |TAMS 0x000000008a600000, 0x000000008a600000| Complete 
| 103|0x000000008a700000, 0x000000008a800000, 0x000000008a800000|100%| S|  |TAMS 0x000000008a700000, 0x000000008a700000| Complete 
| 104|0x000000008a800000, 0x000000008a8e2dd0, 0x000000008a900000| 88%| E|CS|TAMS 0x000000008a800000, 0x000000008a8e2dd0| Complete 
| 105|0x000000008a900000, 0x000000008aa00000, 0x000000008aa00000|100%| E|CS|TAMS 0x000000008a900000, 0x000000008aa00000| Complete 
| 106|0x000000008aa00000, 0x000000008ab00000, 0x000000008ab00000|100%| E|CS|TAMS 0x000000008aa00000, 0x000000008ab00000| Complete 
| 107|0x000000008ab00000, 0x000000008ac00000, 0x000000008ac00000|100%| E|CS|TAMS 0x000000008ab00000, 0x000000008ac00000| Complete 
| 108|0x000000008ac00000, 0x000000008ad00000, 0x000000008ad00000|100%| E|CS|TAMS 0x000000008ac00000, 0x000000008ad00000| Complete 
| 109|0x000000008ad00000, 0x000000008ae00000, 0x000000008ae00000|100%| E|CS|TAMS 0x000000008ad00000, 0x000000008ae00000| Complete 
| 110|0x000000008ae00000, 0x000000008af00000, 0x000000008af00000|100%| E|CS|TAMS 0x000000008ae00000, 0x000000008af00000| Complete 
| 111|0x000000008af00000, 0x000000008b000000, 0x000000008b000000|100%| E|CS|TAMS 0x000000008af00000, 0x000000008b000000| Complete 
| 112|0x000000008b000000, 0x000000008b100000, 0x000000008b100000|100%| E|CS|TAMS 0x000000008b000000, 0x000000008b100000| Complete 
| 113|0x000000008b100000, 0x000000008b200000, 0x000000008b200000|100%| E|CS|TAMS 0x000000008b100000, 0x000000008b200000| Complete 
| 114|0x000000008b200000, 0x000000008b300000, 0x000000008b300000|100%| E|CS|TAMS 0x000000008b200000, 0x000000008b300000| Complete 
| 115|0x000000008b300000, 0x000000008b400000, 0x000000008b400000|100%| E|CS|TAMS 0x000000008b300000, 0x000000008b400000| Complete 
| 116|0x000000008b400000, 0x000000008b500000, 0x000000008b500000|100%| E|CS|TAMS 0x000000008b400000, 0x000000008b500000| Complete 
| 117|0x000000008b500000, 0x000000008b600000, 0x000000008b600000|100%| E|CS|TAMS 0x000000008b500000, 0x000000008b600000| Complete 
| 118|0x000000008b600000, 0x000000008b700000, 0x000000008b700000|100%| E|CS|TAMS 0x000000008b600000, 0x000000008b700000| Complete 
| 119|0x000000008b700000, 0x000000008b800000, 0x000000008b800000|100%| E|CS|TAMS 0x000000008b700000, 0x000000008b800000| Complete 
| 120|0x000000008b800000, 0x000000008b900000, 0x000000008b900000|100%| E|CS|TAMS 0x000000008b800000, 0x000000008b900000| Complete 
| 121|0x000000008b900000, 0x000000008ba00000, 0x000000008ba00000|100%| E|CS|TAMS 0x000000008b900000, 0x000000008ba00000| Complete 
| 122|0x000000008ba00000, 0x000000008bb00000, 0x000000008bb00000|100%| E|CS|TAMS 0x000000008ba00000, 0x000000008bb00000| Complete 
| 123|0x000000008bb00000, 0x000000008bc00000, 0x000000008bc00000|100%| E|CS|TAMS 0x000000008bb00000, 0x000000008bc00000| Complete 
| 124|0x000000008bc00000, 0x000000008bd00000, 0x000000008bd00000|100%| E|CS|TAMS 0x000000008bc00000, 0x000000008bd00000| Complete 
| 125|0x000000008bd00000, 0x000000008be00000, 0x000000008be00000|100%| E|CS|TAMS 0x000000008bd00000, 0x000000008be00000| Complete 
| 126|0x000000008be00000, 0x000000008bf00000, 0x000000008bf00000|100%| E|CS|TAMS 0x000000008be00000, 0x000000008bf00000| Complete 
| 127|0x000000008bf00000, 0x000000008c000000, 0x000000008c000000|100%| E|CS|TAMS 0x000000008bf00000, 0x000000008c000000| Complete 
| 128|0x000000008c000000, 0x000000008c100000, 0x000000008c100000|100%| E|CS|TAMS 0x000000008c000000, 0x000000008c100000| Complete 
| 129|0x000000008c100000, 0x000000008c200000, 0x000000008c200000|100%| E|CS|TAMS 0x000000008c100000, 0x000000008c200000| Complete 
| 130|0x000000008c200000, 0x000000008c300000, 0x000000008c300000|100%| E|CS|TAMS 0x000000008c200000, 0x000000008c300000| Complete 
| 131|0x000000008c300000, 0x000000008c400000, 0x000000008c400000|100%| E|CS|TAMS 0x000000008c300000, 0x000000008c400000| Complete 
| 132|0x000000008c400000, 0x000000008c500000, 0x000000008c500000|100%| E|CS|TAMS 0x000000008c400000, 0x000000008c500000| Complete 
| 133|0x000000008c500000, 0x000000008c600000, 0x000000008c600000|100%| E|CS|TAMS 0x000000008c500000, 0x000000008c600000| Complete 
| 134|0x000000008c600000, 0x000000008c700000, 0x000000008c700000|100%| E|CS|TAMS 0x000000008c600000, 0x000000008c700000| Complete 
| 135|0x000000008c700000, 0x000000008c800000, 0x000000008c800000|100%| E|CS|TAMS 0x000000008c700000, 0x000000008c800000| Complete 
| 136|0x000000008c800000, 0x000000008c900000, 0x000000008c900000|100%| E|CS|TAMS 0x000000008c800000, 0x000000008c900000| Complete 
| 137|0x000000008c900000, 0x000000008ca00000, 0x000000008ca00000|100%| E|CS|TAMS 0x000000008c900000, 0x000000008ca00000| Complete 
| 138|0x000000008ca00000, 0x000000008cb00000, 0x000000008cb00000|100%| E|CS|TAMS 0x000000008ca00000, 0x000000008cb00000| Complete 
| 139|0x000000008cb00000, 0x000000008cc00000, 0x000000008cc00000|100%| E|CS|TAMS 0x000000008cb00000, 0x000000008cc00000| Complete 
| 140|0x000000008cc00000, 0x000000008cd00000, 0x000000008cd00000|100%| E|CS|TAMS 0x000000008cc00000, 0x000000008cd00000| Complete 
| 141|0x000000008cd00000, 0x000000008ce00000, 0x000000008ce00000|100%| E|CS|TAMS 0x000000008cd00000, 0x000000008ce00000| Complete 
| 142|0x000000008ce00000, 0x000000008cf00000, 0x000000008cf00000|100%| E|CS|TAMS 0x000000008ce00000, 0x000000008cf00000| Complete 
| 143|0x000000008cf00000, 0x000000008d000000, 0x000000008d000000|100%| E|CS|TAMS 0x000000008cf00000, 0x000000008d000000| Complete 
| 144|0x000000008d000000, 0x000000008d100000, 0x000000008d100000|100%| E|CS|TAMS 0x000000008d000000, 0x000000008d100000| Complete 
| 145|0x000000008d100000, 0x000000008d200000, 0x000000008d200000|100%| E|CS|TAMS 0x000000008d100000, 0x000000008d200000| Complete 
| 146|0x000000008d200000, 0x000000008d300000, 0x000000008d300000|100%| E|CS|TAMS 0x000000008d200000, 0x000000008d300000| Complete 
| 147|0x000000008d300000, 0x000000008d400000, 0x000000008d400000|100%| E|CS|TAMS 0x000000008d300000, 0x000000008d400000| Complete 
| 148|0x000000008d400000, 0x000000008d500000, 0x000000008d500000|100%| E|CS|TAMS 0x000000008d400000, 0x000000008d500000| Complete 

Card table byte_map: [0x0000022628f30000,0x0000022629310000] _byte_map_base: 0x0000022628b10000

Marking Bits (Prev, Next): (CMBitMap*) 0x000002261149f750, (CMBitMap*) 0x000002261149f718
 Prev Bits: [0x000002262b5f0000, 0x000002262d4f0000)
 Next Bits: [0x00000226296f0000, 0x000002262b5f0000)

Polling page: 0x0000022610c40000

Metaspace:

Usage:
  Non-class:     43.21 MB capacity,    42.47 MB ( 98%) used,   595.90 KB (  1%) free+waste,   162.63 KB ( <1%) overhead. 
      Class:      6.28 MB capacity,     5.76 MB ( 92%) used,   454.36 KB (  7%) free+waste,    76.88 KB (  1%) overhead. 
       Both:     49.49 MB capacity,    48.23 MB ( 97%) used,     1.03 MB (  2%) free+waste,   239.50 KB ( <1%) overhead. 

Virtual space:
  Non-class space:       50.00 MB reserved,      43.25 MB ( 87%) committed 
      Class space:        1.00 GB reserved,       6.38 MB ( <1%) committed 
             Both:        1.05 GB reserved,      49.63 MB (  5%) committed 

Chunk freelists:
   Non-Class:  43.00 KB
       Class:  0 bytes
        Both:  43.00 KB

MaxMetaspaceSize: 17179869184.00 GB
CompressedClassSpaceSize: 1.00 GB

CodeHeap 'non-profiled nmethods': size=120064Kb used=2197Kb max_used=2197Kb free=117867Kb
 bounds [0x0000022621610000, 0x0000022621880000, 0x0000022628b50000]
CodeHeap 'profiled nmethods': size=120000Kb used=9530Kb max_used=9530Kb free=110470Kb
 bounds [0x000002261a0e0000, 0x000002261aa30000, 0x0000022621610000]
CodeHeap 'non-nmethods': size=5696Kb used=1177Kb max_used=1208Kb free=4518Kb
 bounds [0x0000022619b50000, 0x0000022619dc0000, 0x000002261a0e0000]
 total_blobs=4814 nmethods=4271 adapters=454
 compilation: enabled
              stopped_count=0, restarted_count=0
 full_count=0

Compilation events (20 events):
Event: 14.459 Thread 0x000002262fa35800 nmethod 4284 0x0000022621830c10 code [0x0000022621830dc0, 0x0000022621830e78]
Event: 14.462 Thread 0x0000022635395800 4285       4       java.util.Collections$UnmodifiableCollection$1::hasNext (10 bytes)
Event: 14.462 Thread 0x000002262fa35800 4286       1       com.mysql.cj.conf.AbstractPropertyDefinition::getDefaultValue (5 bytes)
Event: 14.463 Thread 0x000002262fa35800 nmethod 4286 0x0000022621830f10 code [0x00000226218310c0, 0x0000022621831178]
Event: 14.463 Thread 0x000002262fa35800 4287       1       com.mysql.cj.conf.AbstractRuntimeProperty::getPropertyDefinition (5 bytes)
Event: 14.463 Thread 0x000002262fa35800 nmethod 4287 0x0000022621831210 code [0x00000226218313c0, 0x0000022621831478]
Event: 14.463 Thread 0x0000022635395800 nmethod 4285 0x0000022621831510 code [0x00000226218316a0, 0x0000022621831738]
Event: 14.464 Thread 0x000002262fa35800 4288       1       com.mysql.cj.conf.AbstractPropertyDefinition::getName (5 bytes)
Event: 14.464 Thread 0x000002262fa35800 nmethod 4288 0x0000022621831810 code [0x00000226218319c0, 0x0000022621831a78]
Event: 14.464 Thread 0x000002262fa35800 4289       1       com.mysql.cj.conf.AbstractPropertyDefinition::getCcAlias (5 bytes)
Event: 14.464 Thread 0x000002262fa35800 nmethod 4289 0x0000022621831b10 code [0x0000022621831cc0, 0x0000022621831d78]
Event: 14.482 Thread 0x000002262fa31800 nmethod 4271 0x0000022621831e10 code [0x0000022621832060, 0x0000022621833700]
Event: 14.504 Thread 0x0000022635395800 4290       4       java.util.WeakHashMap::put (162 bytes)
Event: 14.510 Thread 0x000002262fa35800 4291   !   3       com.mysql.cj.conf.DefaultPropertySet::getProperty (52 bytes)
Event: 14.511 Thread 0x000002262fa35800 nmethod 4291 0x000002261aa2a490 code [0x000002261aa2a6a0, 0x000002261aa2ad68]
Event: 14.511 Thread 0x000002262fa35800 4292       3       java.util.LinkedList::<init> (10 bytes)
Event: 14.511 Thread 0x000002262fa35800 nmethod 4292 0x000002261aa2b010 code [0x000002261aa2b1e0, 0x000002261aa2b458]
Event: 14.524 Thread 0x0000022635395800 nmethod 4290 0x0000022621834190 code [0x0000022621834360, 0x0000022621834d98]
Event: 14.530 Thread 0x000002262fa31800 4293       4       java.net.URLStreamHandler::toExternalForm (156 bytes)
Event: 14.543 Thread 0x0000022635395800 4294       4       java.lang.invoke.MethodType::makeImpl (108 bytes)

GC Heap History (12 events):
Event: 0.526 GC heap before
{Heap before GC invocations=0 (full 0):
 garbage-first heap   total 126976K, used 13312K [0x0000000084000000, 0x0000000100000000)
  region size 1024K, 14 young (14336K), 0 survivors (0K)
 Metaspace       used 9472K, capacity 9673K, committed 9984K, reserved 1058816K
  class space    used 854K, capacity 911K, committed 1024K, reserved 1048576K
}
Event: 0.535 GC heap after
{Heap after GC invocations=1 (full 0):
 garbage-first heap   total 126976K, used 4446K [0x0000000084000000, 0x0000000100000000)
  region size 1024K, 2 young (2048K), 2 survivors (2048K)
 Metaspace       used 9472K, capacity 9673K, committed 9984K, reserved 1058816K
  class space    used 854K, capacity 911K, committed 1024K, reserved 1048576K
}
Event: 1.566 GC heap before
{Heap before GC invocations=1 (full 0):
 garbage-first heap   total 126976K, used 57694K [0x0000000084000000, 0x0000000100000000)
  region size 1024K, 56 young (57344K), 2 survivors (2048K)
 Metaspace       used 20617K, capacity 21102K, committed 21248K, reserved 1069056K
  class space    used 2289K, capacity 2477K, committed 2560K, reserved 1048576K
}
Event: 1.577 GC heap after
{Heap after GC invocations=2 (full 0):
 garbage-first heap   total 126976K, used 7297K [0x0000000084000000, 0x0000000100000000)
  region size 1024K, 5 young (5120K), 5 survivors (5120K)
 Metaspace       used 20617K, capacity 21102K, committed 21248K, reserved 1069056K
  class space    used 2289K, capacity 2477K, committed 2560K, reserved 1048576K
}
Event: 1.865 GC heap before
{Heap before GC invocations=3 (full 0):
 garbage-first heap   total 126976K, used 28801K [0x0000000084000000, 0x0000000100000000)
  region size 1024K, 27 young (27648K), 5 survivors (5120K)
 Metaspace       used 23942K, capacity 24545K, committed 24576K, reserved 1071104K
  class space    used 2807K, capacity 3050K, committed 3072K, reserved 1048576K
}
Event: 1.875 GC heap after
{Heap after GC invocations=4 (full 0):
 garbage-first heap   total 126976K, used 8415K [0x0000000084000000, 0x0000000100000000)
  region size 1024K, 2 young (2048K), 2 survivors (2048K)
 Metaspace       used 23942K, capacity 24545K, committed 24576K, reserved 1071104K
  class space    used 2807K, capacity 3050K, committed 3072K, reserved 1048576K
}
Event: 2.678 GC heap before
{Heap before GC invocations=4 (full 0):
 garbage-first heap   total 126976K, used 64735K [0x0000000084000000, 0x0000000100000000)
  region size 1024K, 57 young (58368K), 2 survivors (2048K)
 Metaspace       used 30254K, capacity 30920K, committed 30976K, reserved 1077248K
  class space    used 3540K, capacity 3809K, committed 3840K, reserved 1048576K
}
Event: 2.682 GC heap after
{Heap after GC invocations=5 (full 0):
 garbage-first heap   total 126976K, used 10087K [0x0000000084000000, 0x0000000100000000)
  region size 1024K, 3 young (3072K), 3 survivors (3072K)
 Metaspace       used 30254K, capacity 30920K, committed 30976K, reserved 1077248K
  class space    used 3540K, capacity 3809K, committed 3840K, reserved 1048576K
}
Event: 3.507 GC heap before
{Heap before GC invocations=5 (full 0):
 garbage-first heap   total 126976K, used 45927K [0x0000000084000000, 0x0000000100000000)
  region size 1024K, 39 young (39936K), 3 survivors (3072K)
 Metaspace       used 34786K, capacity 35767K, committed 35840K, reserved 1081344K
  class space    used 4164K, capacity 4566K, committed 4608K, reserved 1048576K
}
Event: 3.516 GC heap after
{Heap after GC invocations=6 (full 0):
 garbage-first heap   total 126976K, used 12405K [0x0000000084000000, 0x0000000100000000)
  region size 1024K, 6 young (6144K), 6 survivors (6144K)
 Metaspace       used 34786K, capacity 35767K, committed 35840K, reserved 1081344K
  class space    used 4164K, capacity 4566K, committed 4608K, reserved 1048576K
}
Event: 4.694 GC heap before
{Heap before GC invocations=7 (full 0):
 garbage-first heap   total 126976K, used 71797K [0x0000000084000000, 0x0000000100000000)
  region size 1024K, 64 young (65536K), 6 survivors (6144K)
 Metaspace       used 42651K, capacity 43863K, committed 44032K, reserved 1087488K
  class space    used 5113K, capacity 5598K, committed 5632K, reserved 1048576K
}
Event: 4.707 GC heap after
{Heap after GC invocations=8 (full 0):
 garbage-first heap   total 152576K, used 15035K [0x0000000084000000, 0x0000000100000000)
  region size 1024K, 6 young (6144K), 6 survivors (6144K)
 Metaspace       used 42651K, capacity 43863K, committed 44032K, reserved 1087488K
  class space    used 5113K, capacity 5598K, committed 5632K, reserved 1048576K
}

Deoptimization events (20 events):
Event: 14.389 Thread 0x0000022635394800 Uncommon trap: trap_request=0xffffff4d fr.pc=0x0000022621650fe8 relative=0x0000000000000048
Event: 14.389 Thread 0x0000022635394800 Uncommon trap: reason=unstable_if action=reinterpret pc=0x0000022621650fe8 method=java.net.URI.match(CJJ)Z @ 19 c2
Event: 14.389 Thread 0x0000022635394800 DEOPT PACKING pc=0x0000022621650fe8 sp=0x00000047ee1fbe10
Event: 14.389 Thread 0x0000022635394800 DEOPT UNPACKING pc=0x0000022619b76a29 sp=0x00000047ee1fbd98 mode 2
Event: 14.394 Thread 0x0000022635394800 Uncommon trap: trap_request=0xffffff4d fr.pc=0x0000022621796104 relative=0x0000000000000424
Event: 14.394 Thread 0x0000022635394800 Uncommon trap: reason=unstable_if action=reinterpret pc=0x0000022621796104 method=sun.nio.cs.UTF_8$Decoder.decodeArrayLoop(Ljava/nio/ByteBuffer;Ljava/nio/CharBuffer;)Ljava/nio/charset/CoderResult; @ 110 c2
Event: 14.394 Thread 0x0000022635394800 DEOPT PACKING pc=0x0000022621796104 sp=0x00000047ee1f9840
Event: 14.394 Thread 0x0000022635394800 DEOPT UNPACKING pc=0x0000022619b76a29 sp=0x00000047ee1f9790 mode 2
Event: 14.394 Thread 0x0000022635394800 Uncommon trap: trap_request=0xffffff4d fr.pc=0x0000022621792e44 relative=0x0000000000000564
Event: 14.394 Thread 0x0000022635394800 Uncommon trap: reason=unstable_if action=reinterpret pc=0x0000022621792e44 method=sun.nio.cs.UTF_8$Decoder.decodeArrayLoop(Ljava/nio/ByteBuffer;Ljava/nio/CharBuffer;)Ljava/nio/charset/CoderResult; @ 110 c2
Event: 14.394 Thread 0x0000022635394800 DEOPT PACKING pc=0x0000022621792e44 sp=0x00000047ee1f9810
Event: 14.394 Thread 0x0000022635394800 DEOPT UNPACKING pc=0x0000022619b76a29 sp=0x00000047ee1f9790 mode 2
Event: 14.394 Thread 0x0000022635394800 Uncommon trap: trap_request=0xffffff4d fr.pc=0x000002262178e010 relative=0x00000000000007f0
Event: 14.394 Thread 0x0000022635394800 Uncommon trap: reason=unstable_if action=reinterpret pc=0x000002262178e010 method=java.util.Properties.load0(Ljava/util/Properties$LineReader;)V @ 160 c2
Event: 14.394 Thread 0x0000022635394800 DEOPT PACKING pc=0x000002262178e010 sp=0x00000047ee1f9e90
Event: 14.394 Thread 0x0000022635394800 DEOPT UNPACKING pc=0x0000022619b76a29 sp=0x00000047ee1f9e38 mode 2
Event: 14.520 Thread 0x0000022635394800 Uncommon trap: trap_request=0xffffff4d fr.pc=0x00000226217662f0 relative=0x00000000000001b0
Event: 14.520 Thread 0x0000022635394800 Uncommon trap: reason=unstable_if action=reinterpret pc=0x00000226217662f0 method=sun.net.www.ParseUtil.encodePath(Ljava/lang/String;Z)Ljava/lang/String; @ 1 c2
Event: 14.520 Thread 0x0000022635394800 DEOPT PACKING pc=0x00000226217662f0 sp=0x00000047ee1fc160
Event: 14.520 Thread 0x0000022635394800 DEOPT UNPACKING pc=0x0000022619b76a29 sp=0x00000047ee1fc108 mode 2

Classes redefined (0 events):
No events

Internal exceptions (20 events):
Event: 4.339 Thread 0x0000022631074000 Exception <a 'java/lang/ClassNotFoundException'{0x0000000088f87910}: java/util/EventListenerCustomizer> (0x0000000088f87910) thrown at [./src/hotspot/share/classfile/systemDictionary.cpp, line 231]
Event: 4.642 Thread 0x0000022631074000 Exception <a 'java/lang/NoSuchMethodError'{0x0000000087d1eb10}: 'java.lang.Object java.lang.invoke.DirectMethodHandle$Holder.invokeInterface(java.lang.Object, java.lang.Object, java.lang.Object, java.lang.Object)'> (0x0000000087d1eb10) thrown at [./src/hotspot/share/interpreter/linkResolver.cpp, line 773]
Event: 4.721 Thread 0x0000022631074000 Exception <a 'java/lang/ClassNotFoundException'{0x000000008d465180}: java/lang/ObjectCustomizer> (0x000000008d465180) thrown at [./src/hotspot/share/classfile/systemDictionary.cpp, line 231]
Event: 4.723 Thread 0x0000022631074000 Exception <a 'java/lang/ClassNotFoundException'{0x000000008d477048}: org/springframework/web/servlet/config/annotation/WebMvcConfigurationSupportCustomizer> (0x000000008d477048) thrown at [./src/hotspot/share/classfile/systemDictionary.cpp, line 231]
Event: 4.733 Thread 0x0000022631074000 Exception <a 'java/lang/ClassNotFoundException'{0x000000008d4ae288}: org/springframework/web/servlet/config/annotation/DelegatingWebMvcConfigurationCustomizer> (0x000000008d4ae288) thrown at [./src/hotspot/share/classfile/systemDictionary.cpp, line 231]
Event: 4.745 Thread 0x0000022631074000 Exception <a 'java/lang/ClassNotFoundException'{0x000000008d4c3838}: org/springframework/boot/autoconfigure/web/servlet/WebMvcAutoConfiguration$EnableWebMvcConfigurationCustomizer> (0x000000008d4c3838) thrown at [./src/hotspot/share/classfile/systemDictionary.cpp, line 231]
Event: 4.746 Thread 0x0000022631074000 Exception <a 'java/lang/ClassNotFoundException'{0x000000008d4debb8}: org/springframework/context/ResourceLoaderAwareCustomizer> (0x000000008d4debb8) thrown at [./src/hotspot/share/classfile/systemDictionary.cpp, line 231]
Event: 4.748 Thread 0x0000022631074000 Exception <a 'java/lang/ClassNotFoundException'{0x000000008d4eac10}: org/springframework/beans/factory/AwareCustomizer> (0x000000008d4eac10) thrown at [./src/hotspot/share/classfile/systemDictionary.cpp, line 231]
Event: 4.748 Thread 0x0000022631074000 Exception <a 'java/lang/ClassNotFoundException'{0x000000008d4f7228}: org/springframework/context/ApplicationContextAwareCustomizer> (0x000000008d4f7228) thrown at [./src/hotspot/share/classfile/systemDictionary.cpp, line 231]
Event: 4.749 Thread 0x0000022631074000 Exception <a 'java/lang/ClassNotFoundException'{0x000000008d303c78}: org/springframework/beans/factory/AwareCustomizer> (0x000000008d303c78) thrown at [./src/hotspot/share/classfile/systemDictionary.cpp, line 231]
Event: 4.750 Thread 0x0000022631074000 Exception <a 'java/lang/ClassNotFoundException'{0x000000008d3102a8}: org/springframework/web/context/ServletContextAwareCustomizer> (0x000000008d3102a8) thrown at [./src/hotspot/share/classfile/systemDictionary.cpp, line 231]
Event: 4.752 Thread 0x0000022631074000 Exception <a 'java/lang/ClassNotFoundException'{0x000000008d31c768}: org/springframework/beans/factory/AwareCustomizer> (0x000000008d31c768) thrown at [./src/hotspot/share/classfile/systemDictionary.cpp, line 231]
Event: 4.902 Thread 0x0000022631074000 Exception <a 'java/lang/NoSuchMethodError'{0x000000008cd23558}: 'void java.lang.invoke.DirectMethodHandle$Holder.invokeVirtual(java.lang.Object, java.lang.Object, int)'> (0x000000008cd23558) thrown at [./src/hotspot/share/interpreter/linkResolver.cpp, line 773]
Event: 4.906 Thread 0x0000022631074000 Exception <a 'java/lang/NoSuchMethodError'{0x000000008cd3d118}: 'void java.lang.invoke.DirectMethodHandle$Holder.invokeVirtual(java.lang.Object, java.lang.Object, long)'> (0x000000008cd3d118) thrown at [./src/hotspot/share/interpreter/linkResolver.cpp, line 773]
Event: 5.074 Thread 0x0000022631074000 Exception <a 'java/lang/IncompatibleClassChangeError'{0x000000008c6c6bb8}: Found class java.lang.Object, but interface was expected> (0x000000008c6c6bb8) thrown at [./src/hotspot/share/interpreter/linkResolver.cpp, line 839]
Event: 5.130 Thread 0x0000022631074000 Exception <a 'java/lang/NoSuchMethodError'{0x000000008c48c118}: 'int java.lang.invoke.DirectMethodHandle$Holder.invokeStaticInit(java.lang.Object, java.lang.Object, java.lang.Object, java.lang.Object)'> (0x000000008c48c118) thrown at [./src/hotspot/share/interpreter/linkResolver.cpp, line 773]
Event: 5.381 Thread 0x0000022631074000 Exception <a 'java/lang/NoSuchMethodError'{0x000000008bb3fa20}: 'java.lang.Object java.lang.invoke.DirectMethodHandle$Holder.invokeSpecial(java.lang.Object, java.lang.Object, int, java.lang.Object, int, java.lang.Object)'> (0x000000008bb3fa20) thrown at [./src/hotspot/share/interpreter/linkResolver.cpp, line 773]
Event: 5.381 Thread 0x0000022631074000 Exception <a 'java/lang/NoSuchMethodError'{0x000000008bb471b0}: 'java.lang.Object java.lang.invoke.DirectMethodHandle$Holder.invokeStatic(java.lang.Object, java.lang.Object, int, java.lang.Object, int)'> (0x000000008bb471b0) thrown at [./src/hotspot/share/interpreter/linkResolver.cpp, line 773]
Event: 5.382 Thread 0x0000022631074000 Exception <a 'java/lang/NoSuchMethodError'{0x000000008bb4a990}: 'java.lang.Object java.lang.invoke.DirectMethodHandle$Holder.invokeSpecial(java.lang.Object, java.lang.Object, java.lang.Object, int, java.lang.Object, int)'> (0x000000008bb4a990) thrown at [./src/hotspot/share/interpreter/linkResolver.cpp, line 773]
Event: 5.384 Thread 0x0000022631074000 Exception <a 'java/lang/NoSuchMethodError'{0x000000008bb572a0}: 'void java.lang.invoke.DirectMethodHandle$Holder.invokeVirtual(java.lang.Object, java.lang.Object)'> (0x000000008bb572a0) thrown at [./src/hotspot/share/interpreter/linkResolver.cpp, line 773]

Events (20 events):
Event: 14.544 loading class com/mysql/cj/protocol/ProtocolEntityReader
Event: 14.544 loading class com/mysql/cj/protocol/ProtocolEntityReader done
Event: 14.545 loading class com/mysql/cj/protocol/ResultsetRow
Event: 14.545 loading class com/mysql/cj/protocol/ResultsetRow done
Event: 14.545 loading class com/mysql/cj/protocol/a/ResultsetRowReader
Event: 14.545 loading class com/mysql/cj/protocol/a/ResultsetRowReader done
Event: 14.546 loading class com/mysql/cj/protocol/a/TextResultsetReader
Event: 14.546 loading class com/mysql/cj/protocol/a/TextResultsetReader done
Event: 14.546 loading class com/mysql/cj/protocol/a/BinaryResultsetReader
Event: 14.546 loading class com/mysql/cj/protocol/a/BinaryResultsetReader done
Event: 14.547 loading class com/mysql/cj/protocol/a/NativeServerSession
Event: 14.547 loading class com/mysql/cj/protocol/a/NativeServerSession done
Event: 14.548 loading class com/mysql/cj/protocol/ServerSessionStateController
Event: 14.548 loading class com/mysql/cj/protocol/ServerSessionStateController done
Event: 14.548 loading class com/mysql/cj/protocol/a/NativeServerSessionStateController
Event: 14.548 loading class com/mysql/cj/protocol/a/NativeServerSessionStateController done
Event: 14.549 loading class com/mysql/cj/NativeCharsetSettings
Event: 14.549 loading class com/mysql/cj/NativeCharsetSettings done
Event: 14.550 loading class com/mysql/cj/CharsetMapping
Event: 14.550 loading class com/mysql/cj/CharsetMapping done


Dynamic libraries:
0x00007ff6f2030000 - 0x00007ff6f203d000 	C:\Users\zd2K03\pleiades\java\11\bin\javaw.exe
0x00007fff269d0000 - 0x00007fff26bc5000 	C:\WINDOWS\SYSTEM32\ntdll.dll
0x00007fff25b30000 - 0x00007fff25bee000 	C:\WINDOWS\System32\KERNEL32.DLL
0x00007fff24210000 - 0x00007fff244d8000 	C:\WINDOWS\System32\KERNELBASE.dll
0x00007fff244e0000 - 0x00007fff245e0000 	C:\WINDOWS\System32\ucrtbase.dll
0x00007fff1fe30000 - 0x00007fff1fe47000 	C:\Users\zd2K03\pleiades\java\11\bin\jli.dll
0x00007fff1fb90000 - 0x00007fff1fba5000 	C:\Users\zd2K03\pleiades\java\11\bin\VCRUNTIME140.dll
0x00007fff25080000 - 0x00007fff25220000 	C:\WINDOWS\System32\USER32.dll
0x00007fff24950000 - 0x00007fff24972000 	C:\WINDOWS\System32\win32u.dll
0x00007fff24da0000 - 0x00007fff24dcb000 	C:\WINDOWS\System32\GDI32.dll
0x00007fff24840000 - 0x00007fff2494d000 	C:\WINDOWS\System32\gdi32full.dll
0x00007fff24980000 - 0x00007fff24a1d000 	C:\WINDOWS\System32\msvcp_win.dll
0x00007fff08180000 - 0x00007fff0841a000 	C:\WINDOWS\WinSxS\amd64_microsoft.windows.common-controls_6595b64144ccf1df_6.0.19041.1110_none_60b5254171f9507e\COMCTL32.dll
0x00007fff24dd0000 - 0x00007fff24e6e000 	C:\WINDOWS\System32\msvcrt.dll
0x00007fff24a30000 - 0x00007fff24a60000 	C:\WINDOWS\System32\IMM32.DLL
0x00007fff16c90000 - 0x00007fff16d2b000 	C:\Users\zd2K03\pleiades\java\11\bin\msvcp140.dll
0x00007ffef9b50000 - 0x00007ffefa693000 	C:\Users\zd2K03\pleiades\java\11\bin\server\jvm.dll
0x00007fff25bf0000 - 0x00007fff25c9e000 	C:\WINDOWS\System32\ADVAPI32.dll
0x00007fff252b0000 - 0x00007fff2534c000 	C:\WINDOWS\System32\sechost.dll
0x00007fff26730000 - 0x00007fff26855000 	C:\WINDOWS\System32\RPCRT4.dll
0x00007fff24ce0000 - 0x00007fff24ce8000 	C:\WINDOWS\System32\PSAPI.DLL
0x00007fff15660000 - 0x00007fff15669000 	C:\WINDOWS\SYSTEM32\WSOCK32.dll
0x00007fff24a60000 - 0x00007fff24acb000 	C:\WINDOWS\System32\WS2_32.dll
0x00007fff1fb60000 - 0x00007fff1fb87000 	C:\WINDOWS\SYSTEM32\WINMM.dll
0x00007fff1cca0000 - 0x00007fff1ccaa000 	C:\WINDOWS\SYSTEM32\VERSION.dll
0x00007fff21ff0000 - 0x00007fff22002000 	C:\WINDOWS\SYSTEM32\kernel.appcore.dll
0x00007fff1fcc0000 - 0x00007fff1fcd0000 	C:\Users\zd2K03\pleiades\java\11\bin\verify.dll
0x00007fff14c30000 - 0x00007fff14e14000 	C:\WINDOWS\SYSTEM32\DBGHELP.DLL
0x00007fff14c00000 - 0x00007fff14c2c000 	C:\WINDOWS\SYSTEM32\dbgcore.DLL
0x00007fff24650000 - 0x00007fff246d2000 	C:\WINDOWS\System32\bcryptPrimitives.dll
0x00007fff19bf0000 - 0x00007fff19c18000 	C:\Users\zd2K03\pleiades\java\11\bin\java.dll
0x00007fff1d040000 - 0x00007fff1d04a000 	C:\Users\zd2K03\pleiades\java\11\bin\jimage.dll
0x00007fff19bd0000 - 0x00007fff19be7000 	C:\Users\zd2K03\pleiades\java\11\bin\zip.dll
0x00007fff253e0000 - 0x00007fff25b24000 	C:\WINDOWS\System32\SHELL32.dll
0x00007fff221f0000 - 0x00007fff22984000 	C:\WINDOWS\SYSTEM32\windows.storage.dll
0x00007fff26370000 - 0x00007fff266c5000 	C:\WINDOWS\System32\combase.dll
0x00007fff23b30000 - 0x00007fff23b5e000 	C:\WINDOWS\SYSTEM32\Wldp.dll
0x00007fff26860000 - 0x00007fff2690d000 	C:\WINDOWS\System32\SHCORE.dll
0x00007fff26930000 - 0x00007fff26985000 	C:\WINDOWS\System32\shlwapi.dll
0x00007fff24020000 - 0x00007fff2403f000 	C:\WINDOWS\SYSTEM32\profapi.dll
0x00007fff19140000 - 0x00007fff19159000 	C:\Users\zd2K03\pleiades\java\11\bin\net.dll
0x00007fff1bc80000 - 0x00007fff1bd8c000 	C:\WINDOWS\SYSTEM32\WINHTTP.dll
0x00007fff23820000 - 0x00007fff2388a000 	C:\WINDOWS\system32\mswsock.dll
0x00007fff19120000 - 0x00007fff19132000 	C:\Users\zd2K03\pleiades\java\11\bin\nio.dll
0x00007fff1d030000 - 0x00007fff1d039000 	C:\Users\zd2K03\pleiades\java\11\bin\management.dll
0x00007fff190f0000 - 0x00007fff190fb000 	C:\Users\zd2K03\pleiades\java\11\bin\management_ext.dll
0x00007fff16a50000 - 0x00007fff16a67000 	C:\WINDOWS\system32\napinsp.dll
0x00007fff16a90000 - 0x00007fff16aab000 	C:\WINDOWS\system32\pnrpnsp.dll
0x00007fff16ae0000 - 0x00007fff16af5000 	C:\WINDOWS\system32\wshbth.dll
0x00007fff1faa0000 - 0x00007fff1fabd000 	C:\WINDOWS\system32\NLAapi.dll
0x00007fff234b0000 - 0x00007fff234eb000 	C:\WINDOWS\SYSTEM32\IPHLPAPI.DLL
0x00007fff234f0000 - 0x00007fff235bb000 	C:\WINDOWS\SYSTEM32\DNSAPI.dll
0x00007fff24a20000 - 0x00007fff24a28000 	C:\WINDOWS\System32\NSI.dll
0x00007fff173d0000 - 0x00007fff173e2000 	C:\WINDOWS\System32\winrnr.dll
0x00007fff1bf10000 - 0x00007fff1bf1a000 	C:\Windows\System32\rasadhlp.dll
0x00007fff1f6b0000 - 0x00007fff1f72f000 	C:\WINDOWS\System32\fwpuclnt.dll
0x00007fff240e0000 - 0x00007fff24107000 	C:\WINDOWS\System32\bcrypt.dll
0x00007fff23a10000 - 0x00007fff23a28000 	C:\WINDOWS\SYSTEM32\CRYPTSP.dll
0x00007fff23140000 - 0x00007fff23174000 	C:\WINDOWS\system32\rsaenh.dll
0x00007fff23fa0000 - 0x00007fff23fce000 	C:\WINDOWS\SYSTEM32\USERENV.dll
0x00007fff23a30000 - 0x00007fff23a3c000 	C:\WINDOWS\SYSTEM32\CRYPTBASE.dll
0x00007fff1f560000 - 0x00007fff1f577000 	C:\WINDOWS\SYSTEM32\dhcpcsvc6.DLL
0x00007fff1f4d0000 - 0x00007fff1f4ed000 	C:\WINDOWS\SYSTEM32\dhcpcsvc.DLL

dbghelp: loaded successfully - version: 4.0.5 - missing functions: none
symbol engine: initialized successfully - sym options: 0x614 - pdb path: .;C:\Users\zd2K03\pleiades\java\11\bin;C:\WINDOWS\SYSTEM32;C:\WINDOWS\WinSxS\amd64_microsoft.windows.common-controls_6595b64144ccf1df_6.0.19041.1110_none_60b5254171f9507e;C:\Users\zd2K03\pleiades\java\11\bin\server

VM Arguments:
jvm_args: -Dfile.encoding=UTF-8 
java_command: com.zdrv.FootWebApplication
java_class_path (initial): C:\Users\zd2K03\pleiades\workspace\FootWeb\target\classes;C:\Users\zd2K03\.m2\repository\org\springframework\boot\spring-boot-starter-thymeleaf\2.6.3\spring-boot-starter-thymeleaf-2.6.3.jar;C:\Users\zd2K03\.m2\repository\org\springframework\boot\spring-boot-starter\2.6.3\spring-boot-starter-2.6.3.jar;C:\Users\zd2K03\.m2\repository\org\springframework\boot\spring-boot-starter-logging\2.6.3\spring-boot-starter-logging-2.6.3.jar;C:\Users\zd2K03\.m2\repository\ch\qos\logback\logback-classic\1.2.10\logback-classic-1.2.10.jar;C:\Users\zd2K03\.m2\repository\ch\qos\logback\logback-core\1.2.10\logback-core-1.2.10.jar;C:\Users\zd2K03\.m2\repository\org\apache\logging\log4j\log4j-to-slf4j\2.17.1\log4j-to-slf4j-2.17.1.jar;C:\Users\zd2K03\.m2\repository\org\apache\logging\log4j\log4j-api\2.17.1\log4j-api-2.17.1.jar;C:\Users\zd2K03\.m2\repository\org\slf4j\jul-to-slf4j\1.7.33\jul-to-slf4j-1.7.33.jar;C:\Users\zd2K03\.m2\repository\jakarta\annotation\jakarta.annotation-api\1.3.5\jakarta.annotation-api-1.3.5.jar;C:\Users\zd2K03\.m2\repository\org\yaml\snakeyaml\1.29\snakeyaml-1.29.jar;C:\Users\zd2K03\.m2\repository\org\thymeleaf\thymeleaf-spring5\3.0.14.RELEASE\thymeleaf-spring5-3.0.14.RELEASE.jar;C:\Users\zd2K03\.m2\repository\org\thymeleaf\thymeleaf\3.0.14.RELEASE\thymeleaf-3.0.14.RELEASE.jar;C:\Users\zd2K03\.m2\repository\org\attoparser\attoparser\2.0.5.RELEASE\attoparser-2.0.5.RELEASE.jar;C:\Users\zd2K03\.m2\repository\org\unbescape\unbescape\1.1.6.RELEASE\unbescape-1.1.6.RELEASE.jar;C:\Users\zd2K03\.m2\repository\org\slf4j\slf4j-api\1.7.33\slf4j-api-1.7.33.jar;C:\Users\zd2K03\.m2\repository\org\thymeleaf\extras\thymeleaf-extras-java8time\3.0.4.RELEASE\thymeleaf-extras-java8time-3.0.4.RELEASE.jar;C:\Users\zd2K03\.m2\repository\org\springframework\boot\spring-boot-starter-validation\2.6.3\spring-boot-starter-validation-2.6.3.jar;C:\Users\zd2K03\.m2\repository\org\apache\tomcat\embed\tomcat-embed-el\9.0.56\tomcat-embed-el-9.0.56.jar;C:\Users\zd2K03\.m2
Launcher Type: SUN_STANDARD

[Global flags]
     intx CICompilerCount                          = 3                                         {product} {ergonomic}
     uint ConcGCThreads                            = 1                                         {product} {ergonomic}
     uint G1ConcRefinementThreads                  = 4                                         {product} {ergonomic}
   size_t G1HeapRegionSize                         = 1048576                                   {product} {ergonomic}
    uintx GCDrainStackTargetSize                   = 64                                        {product} {ergonomic}
   size_t InitialHeapSize                          = 130023424                                 {product} {ergonomic}
   size_t MarkStackSize                            = 4194304                                   {product} {ergonomic}
   size_t MaxHeapSize                              = 2080374784                                {product} {ergonomic}
   size_t MaxNewSize                               = 1247805440                                {product} {ergonomic}
   size_t MinHeapDeltaBytes                        = 1048576                                   {product} {ergonomic}
    uintx NonNMethodCodeHeapSize                   = 5830732                                {pd product} {ergonomic}
    uintx NonProfiledCodeHeapSize                  = 122913754                              {pd product} {ergonomic}
    uintx ProfiledCodeHeapSize                     = 122913754                              {pd product} {ergonomic}
    uintx ReservedCodeCacheSize                    = 251658240                              {pd product} {ergonomic}
     bool SegmentedCodeCache                       = true                                      {product} {ergonomic}
     bool UseCompressedClassPointers               = true                                 {lp64_product} {ergonomic}
     bool UseCompressedOops                        = true                                 {lp64_product} {ergonomic}
     bool UseG1GC                                  = true                                      {product} {ergonomic}
     bool UseLargePagesIndividualAllocation        = false                                  {pd product} {ergonomic}

Logging:
Log output configuration:
 #0: stdout all=warning uptime,level,tags
 #1: stderr all=off uptime,level,tags

Environment Variables:
JAVA_HOME=C:\Program Files\Java\jdk1.8.0_191
PATH=C:/Users/zd2K03/pleiades/eclipse//jre/bin/server;C:/Users/zd2K03/pleiades/eclipse//jre/bin;C:\Program Files\Common Files\Microsoft Shared\Windows Live;C:\Program Files (x86)\Common Files\Microsoft Shared\Windows Live;C:\WINDOWS\system32;C:\WINDOWS;C:\WINDOWS\System32\Wbem;C:\WINDOWS\System32\WindowsPowerShell\v1.0\;C:\Program Files (x86)\ATI Technologies\ATI.ACE\Core-Static;C:\Program Files (x86)\Windows Live\Shared;C:\Program Files\vim;C:\Program Files\Sublime Text 3;C:\Ruby22-x64\bin\;C:\Users\TEMP\AppData\Roaming\npm\;D:\Program Files\Microsoft VS Code\bin;C:\WINDOWS\system32;C:\WINDOWS;C:\WINDOWS\System32\Wbem;C:\WINDOWS\System32\WindowsPowerShell\v1.0\;C:\WINDOWS\System32\OpenSSH\;C:\Program Files\nodejs\;C:\Users\zd2K03\AppData\Local\Microsoft\WindowsApps;C:\Users\zd2K03\AppData\Local\Programs\Microsoft VS Code\bin;C:\Users\zd2K03\AppData\Local\Programs\Git\cmd;C:\Users\zd2K03\pleiades\eclipse;
USERNAME=zd2k03
OS=Windows_NT
PROCESSOR_IDENTIFIER=AMD64 Family 16 Model 4 Stepping 3, AuthenticAMD



---------------  S Y S T E M  ---------------

OS: Windows 10 , 64 bit Build 19041 (10.0.19041.1503)
OS uptime: 1 days 23:46 hours

CPU:total 4 (initial active 4) (4 cores per cpu, 1 threads per core) family 16 model 4 stepping 3 microcode 0x0, cmov, cx8, fxsr, mmx, sse, sse2, sse3, popcnt, mmxext, 3dnowpref, lzcnt, sse4a, tsc, tscinvbit, tscinv

Memory: 4k page, system-wide physical 7935M (889M free)
TotalPageFile size 7935M (AvailPageFile size 5M)
current process WorkingSet (physical memory assigned to process): 232M, peak: 252M
current process commit charge ("private bytes"): 312M, peak: 330M

vm_info: OpenJDK 64-Bit Server VM (11.0.10+9) for windows-amd64 JRE (11.0.10+9), built on Jan 20 2021 06:07:07 by "" with MS VC++ 15.9 (VS2017)

END.
